[INFO] RetroArch 1.8.2 (Git b6a45645d8)
[INFO] === Build =======================================
[INFO] CPU Model Name: Intel(R) Core(TM) i3-6100U CPU @ 2.30GHz
[INFO] Capabilities:  MMX MMXEXT SSE SSE2 SSE3 SSSE3 SSE4 SSE4.2 AES AVX
[INFO] Built: Dec 25 2019
[INFO] Version: 1.8.2
[INFO] Git: b6a45645d8
[INFO] =================================================
[INFO] [Environ]: SET_PIXEL_FORMAT: RGB565.
[INFO] Redirecting save file to "C:\Users\Jaeger\AppData\Roaming\RetroArch\saves\.srm".
[INFO] Redirecting savestate to "C:\Users\Jaeger\AppData\Roaming\RetroArch\states\.state".
[INFO] Version of libretro API: 1
[INFO] Compiled against API: 1
[INFO] [Audio]: Set audio input rate to: 30000.00 Hz.
[INFO] [Video]: Video @ fullscreen
[INFO] Vulkan dynamic library loaded.
[INFO] [Vulkan]: Found vulkan context: wgl
[INFO] [Vulkan]: Detecting screen resolution 1360x768.
[INFO] [Vulkan]: Found GPU at index 0: Intel(R) HD Graphics 520
[INFO] [Vulkan]: Using GPU index 0.
[INFO] [Vulkan]: Using GPU: Intel(R) HD Graphics 520
[INFO] [Vulkan]: Queue family 0 supports 1 sub-queues.
[INFO] [Vulkan]: Swapchain supports present mode: 0.
[INFO] [Vulkan]: Swapchain supports present mode: 2.
[INFO] [Vulkan]: Creating swapchain with present mode: 2
[INFO] [Vulkan]: Using swapchain size 1360 x 768.
[INFO] [Vulkan]: Got 3 swapchain images.
[INFO] [Vulkan]: Using resolution 1360x768
[INFO] [Vulkan]: Using RGB565 format.
[INFO] [Vulkan]: Loading stock shader.
[INFO] [slang]: Building pass #0 (N/A)
[INFO] [slang]: Reflection
[INFO] [slang]:   Textures:
[INFO] [slang]:      Source (#0)
[INFO] [slang]:
[INFO] [slang]:   Uniforms (Vertex: yes, Fragment: no):
[INFO] [slang]:   Push Constants (Vertex: no, Fragment: no):
[INFO] [slang]:      MVP (Offset: 0)
[INFO] [slang]:
[INFO] [slang]:   Parameters:
[INFO] [Vulkan filter chain]: Not using frame history.
[INFO] [Vulkan filter chain]: Not using framebuffer feedback.
[INFO] [XInput]: Found XInput v1.4.
[INFO] [DINPUT]: Enumerating joypads ...
[INFO] [DINPUT]: Device #0 PID: {09CC} VID:{054C}
[WARN] [DINPUT]: Strong rumble unavailable.
[WARN] [DINPUT]: Weak rumble unavailable.
[INFO] [DINPUT]: Done enumerating joypads ...
[INFO] [Joypad]: Found joypad driver: "dinput".
[INFO] [Autoconf]: 142 profiles found.
[INFO] [Font]: Using font rendering backend: freetype.
[INFO] [Video]: Found display server: win32
[INFO] [XAudio2]: Requesting 64 ms latency, using 64 ms latency.
[INFO] [Autoconf]: selected configuration: C:\Users\Jaeger\AppData\Roaming\RetroArch\autoconfig\xinput\Wireless Controller.cfg
[INFO] [Menu]: Found menu display driver: "vulkan".
[INFO] [Font]: Using font rendering backend: freetype.
[INFO] [Font]: Using font rendering backend: freetype.
[INFO] [Menu]: Found menu display driver: "vulkan".
[INFO] [Font]: Using font rendering backend: freetype.
[INFO] [Font]: Using font rendering backend: freetype.
[INFO] [LED]: LED driver = 'null' 0000000000B9AF20
[INFO] [MIDI]: Initializing ...
[INFO] [MIDI]: Input disabled.
[INFO] [MIDI]: Output disabled.
[INFO] [MIDI]: Initialized "winmm" driver.
[INFO] SRAM will not be saved.
[INFO] Loading history file: [C:\Users\Jaeger\AppData\Roaming\RetroArch\content_history.lpl].
[INFO] Loading history file: [C:\Users\Jaeger\AppData\Roaming\RetroArch\content_music_history.lpl].
[INFO] Loading history file: [C:\Users\Jaeger\AppData\Roaming\RetroArch\content_video_history.lpl].
[INFO] Loading history file: [C:\Users\Jaeger\AppData\Roaming\RetroArch\content_image_history.lpl].
[INFO] Loading favorites file: [C:\Users\Jaeger\AppData\Roaming\RetroArch\content_favorites.lpl].
[INFO] [Vulkan]: VSync => on
[INFO] [slang]: Building pass #0 (N/A)
[INFO] [slang]: Reflection
[INFO] [slang]:   Textures:
[INFO] [slang]:      Source (#0)
[INFO] [slang]:
[INFO] [slang]:   Uniforms (Vertex: yes, Fragment: no):
[INFO] [slang]:   Push Constants (Vertex: no, Fragment: no):
[INFO] [slang]:      MVP (Offset: 0)
[INFO] [slang]:
[INFO] [slang]:   Parameters:
[INFO] [Vulkan filter chain]: Not using frame history.
[INFO] [Vulkan filter chain]: Not using framebuffer feedback.
[INFO] [Vulkan]: VSync => on
[INFO] [Font]: Using font rendering backend: freetype.
[INFO] [Font]: Using font rendering backend: freetype.
[INFO] [Vulkan]: Do not need to re-create swapchain.
[INFO] [slang]: Building pass #0 (N/A)
[INFO] [slang]: Reflection
[INFO] [slang]:   Textures:
[INFO] [slang]:      Source (#0)
[INFO] [slang]:
[INFO] [slang]:   Uniforms (Vertex: yes, Fragment: no):
[INFO] [slang]:   Push Constants (Vertex: no, Fragment: no):
[INFO] [slang]:      MVP (Offset: 0)
[INFO] [slang]:
[INFO] [slang]:   Parameters:
[INFO] [Vulkan filter chain]: Not using frame history.
[INFO] [Vulkan filter chain]: Not using framebuffer feedback.
[INFO] Using content: C:\Users\Jaeger\Documents\ROMs\GameCube\Mario Kart Double Dash GameCube\Mario Kart Double Dash.iso.
[INFO] arg #0: retroarch
[INFO] arg #1: C:\Users\Jaeger\Documents\ROMs\GameCube\Mario Kart Double Dash GameCube\Mario Kart Double Dash.iso
[INFO] arg #2: -s
[INFO] arg #3: C:\Users\Jaeger\AppData\Roaming\RetroArch\saves
[INFO] arg #4: -S
[INFO] arg #5: C:\Users\Jaeger\AppData\Roaming\RetroArch\states
[INFO] arg #6: -c
[INFO] arg #7: C:\Users\Jaeger\AppData\Roaming\RetroArch\retroarch.cfg
[INFO] arg #8: -L
[INFO] arg #9: C:\Users\Jaeger\AppData\Roaming\RetroArch\cores\dolphin_libretro.dll
[INFO] arg #10: -v
[INFO] Content ran for a total of: 00 hours, 00 minutes, 00 seconds.
[INFO] Unloading game..
[INFO] Unloading core..
[INFO] Unloading core symbols..
[INFO] [Video]: Does not have enough samples for monitor refresh rate estimation. Requires to run for at least 4096 frames.
[INFO] Set config file to : C:\Users\Jaeger\AppData\Roaming\RetroArch\retroarch.cfg
[INFO] RetroArch 1.8.2 (Git b6a45645d8)
[INFO] Redirecting save file to "C:\Users\Jaeger\AppData\Roaming\RetroArch\saves\Mario Kart Double Dash.srm".
[INFO] Redirecting savestate to "C:\Users\Jaeger\AppData\Roaming\RetroArch\states\Mario Kart Double Dash.state".
[INFO] === Build =======================================
[INFO] CPU Model Name: Intel(R) Core(TM) i3-6100U CPU @ 2.30GHz
[INFO] Capabilities:  MMX MMXEXT SSE SSE2 SSE3 SSSE3 SSE4 SSE4.2 AES AVX
[INFO] Built: Dec 25 2019
[INFO] Version: 1.8.2
[INFO] Git: b6a45645d8
[INFO] =================================================
[INFO] Loading dynamic libretro core from: "C:\Users\Jaeger\AppData\Roaming\RetroArch\cores\dolphin_libretro.dll"
[ERROR] Failed to open libretro core: "C:\Users\Jaeger\AppData\Roaming\RetroArch\cores\dolphin_libretro.dll"
Error(s): The specified module could not be found.

[INFO] [Environ]: SET_PIXEL_FORMAT: RGB565.
[INFO] Redirecting save file to "C:\Users\Jaeger\AppData\Roaming\RetroArch\saves\Mario Kart Double Dash.srm".
[INFO] Redirecting savestate to "C:\Users\Jaeger\AppData\Roaming\RetroArch\states\Mario Kart Double Dash.state".
[INFO] Version of libretro API: 1
[INFO] Compiled against API: 1
[INFO] [Audio]: Set audio input rate to: 30000.00 Hz.
[INFO] [Video]: Video @ fullscreen
[INFO] Vulkan dynamic library loaded.
[INFO] [Vulkan]: Found vulkan context: wgl
[INFO] [Vulkan]: Detecting screen resolution 1360x768.
[INFO] [Vulkan]: Found GPU at index 0: Intel(R) HD Graphics 520
[INFO] [Vulkan]: Using GPU index 0.
[INFO] [Vulkan]: Using GPU: Intel(R) HD Graphics 520
[INFO] [Vulkan]: Queue family 0 supports 1 sub-queues.
[INFO] [Vulkan]: Swapchain supports present mode: 0.
[INFO] [Vulkan]: Swapchain supports present mode: 2.
[INFO] [Vulkan]: Creating swapchain with present mode: 2
[INFO] [Vulkan]: Using swapchain size 1360 x 768.
[INFO] [Vulkan]: Got 3 swapchain images.
[INFO] [Vulkan]: Using resolution 1360x768
[INFO] [Vulkan]: Using RGB565 format.
[INFO] [Vulkan]: Loading stock shader.
[INFO] [slang]: Building pass #0 (N/A)
[INFO] [slang]: Reflection
[INFO] [slang]:   Textures:
[INFO] [slang]:      Source (#0)
[INFO] [slang]:
[INFO] [slang]:   Uniforms (Vertex: yes, Fragment: no):
[INFO] [slang]:   Push Constants (Vertex: no, Fragment: no):
[INFO] [slang]:      MVP (Offset: 0)
[INFO] [slang]:
[INFO] [slang]:   Parameters:
[INFO] [Vulkan filter chain]: Not using frame history.
[INFO] [Vulkan filter chain]: Not using framebuffer feedback.
[INFO] [DINPUT]: Enumerating joypads ...
[INFO] [DINPUT]: Device #0 PID: {09CC} VID:{054C}
[WARN] [DINPUT]: Strong rumble unavailable.
[WARN] [DINPUT]: Weak rumble unavailable.
[INFO] [DINPUT]: Done enumerating joypads ...
[INFO] [Joypad]: Found joypad driver: "dinput".
[INFO] [Autoconf]: 142 profiles found.
[INFO] [Font]: Using font rendering backend: freetype.
[INFO] [Video]: Found display server: win32
[INFO] [XAudio2]: Requesting 64 ms latency, using 64 ms latency.
[INFO] [Autoconf]: selected configuration: C:\Users\Jaeger\AppData\Roaming\RetroArch\autoconfig\xinput\Wireless Controller.cfg
[INFO] [Menu]: Found menu display driver: "vulkan".
[INFO] [Font]: Using font rendering backend: freetype.
[INFO] [Font]: Using font rendering backend: freetype.
[ERROR] Failed to open libretro core: "C:\Users\Jaeger\AppData\Roaming\RetroArch\cores\dolphin_libretro.dll"
[ERROR] Error(s): The specified module could not be found.

[INFO] [Font]: Using font rendering backend: freetype.
[INFO] [Font]: Using font rendering backend: freetype.
[INFO] [LED]: LED driver = 'null' 0000000000B9AF20
[INFO] [MIDI]: Initializing ...
[INFO] [MIDI]: Input disabled.
[INFO] [MIDI]: Output disabled.
[INFO] [MIDI]: Initialized "winmm" driver.
[INFO] SRAM will not be saved.
[INFO] Loading history file: [C:\Users\Jaeger\AppData\Roaming\RetroArch\content_history.lpl].
[INFO] Loading history file: [C:\Users\Jaeger\AppData\Roaming\RetroArch\content_music_history.lpl].
[INFO] Loading history file: [C:\Users\Jaeger\AppData\Roaming\RetroArch\content_video_history.lpl].
[INFO] Loading history file: [C:\Users\Jaeger\AppData\Roaming\RetroArch\content_image_history.lpl].
[INFO] Loading favorites file: [C:\Users\Jaeger\AppData\Roaming\RetroArch\content_favorites.lpl].
[INFO] [Vulkan]: VSync => on
[INFO] [slang]: Building pass #0 (N/A)
[INFO] [slang]: Reflection
[INFO] [slang]:   Textures:
[INFO] [slang]:      Source (#0)
[INFO] [slang]:
[INFO] [slang]:   Uniforms (Vertex: yes, Fragment: no):
[INFO] [slang]:   Push Constants (Vertex: no, Fragment: no):
[INFO] [slang]:      MVP (Offset: 0)
[INFO] [slang]:
[INFO] [slang]:   Parameters:
[INFO] [Vulkan filter chain]: Not using frame history.
[INFO] [Vulkan filter chain]: Not using framebuffer feedback.
[ERROR] Failed to open libretro core: "C:\Users\Jaeger\AppData\Roaming\RetroArch\cores\dolphin_libretro.dll"
[ERROR] Error(s): The specified module could not be found.

[INFO] [Vulkan]: VSync => on
[INFO] [Vulkan]: Do not need to re-create swapchain.
[INFO] [slang]: Building pass #0 (N/A)
[INFO] [slang]: Reflection
[INFO] [slang]:   Textures:
[INFO] [slang]:      Source (#0)
[INFO] [slang]:
[INFO] [slang]:   Uniforms (Vertex: yes, Fragment: no):
[INFO] [slang]:   Push Constants (Vertex: no, Fragment: no):
[INFO] [slang]:      MVP (Offset: 0)
[INFO] [slang]:
[INFO] [slang]:   Parameters:
[INFO] [Vulkan filter chain]: Not using frame history.
[INFO] [Vulkan filter chain]: Not using framebuffer feedback.
[INFO] Using content: C:\Users\Jaeger\Documents\ROMs\GameCube\Mario Kart Double Dash GameCube\Mario Kart Double Dash.iso.
[INFO] arg #0: retroarch
[INFO] arg #1: C:\Users\Jaeger\Documents\ROMs\GameCube\Mario Kart Double Dash GameCube\Mario Kart Double Dash.iso
[INFO] arg #2: -s
[INFO] arg #3: C:\Users\Jaeger\AppData\Roaming\RetroArch\saves
[INFO] arg #4: -S
[INFO] arg #5: C:\Users\Jaeger\AppData\Roaming\RetroArch\states
[INFO] arg #6: -c
[INFO] arg #7: C:\Users\Jaeger\AppData\Roaming\RetroArch\retroarch.cfg
[INFO] Content ran for a total of: 00 hours, 00 minutes, 00 seconds.
[INFO] Unloading game..
[INFO] Unloading core..
[INFO] Unloading core symbols..
[INFO] [Video]: Does not have enough samples for monitor refresh rate estimation. Requires to run for at least 4096 frames.
[INFO] Set config file to : C:\Users\Jaeger\AppData\Roaming\RetroArch\retroarch.cfg
[INFO] RetroArch 1.8.2 (Git b6a45645d8)
[INFO] Redirecting save file to "C:\Users\Jaeger\AppData\Roaming\RetroArch\saves\Mario Kart Double Dash.srm".
[INFO] Redirecting savestate to "C:\Users\Jaeger\AppData\Roaming\RetroArch\states\Mario Kart Double Dash.state".
[INFO] === Build =======================================
[INFO] CPU Model Name: Intel(R) Core(TM) i3-6100U CPU @ 2.30GHz
[INFO] Capabilities:  MMX MMXEXT SSE SSE2 SSE3 SSSE3 SSE4 SSE4.2 AES AVX
[INFO] Built: Dec 25 2019
[INFO] Version: 1.8.2
[INFO] Git: b6a45645d8
[INFO] =================================================
[INFO] Loading dynamic libretro core from: "C:\Users\Jaeger\AppData\Roaming\RetroArch\cores\dolphin_libretro.dll"
[ERROR] Failed to open libretro core: "C:\Users\Jaeger\AppData\Roaming\RetroArch\cores\dolphin_libretro.dll"
Error(s): The specified module could not be found.

[INFO] [Environ]: SET_PIXEL_FORMAT: RGB565.
[INFO] Redirecting save file to "C:\Users\Jaeger\AppData\Roaming\RetroArch\saves\Mario Kart Double Dash.srm".
[INFO] Redirecting savestate to "C:\Users\Jaeger\AppData\Roaming\RetroArch\states\Mario Kart Double Dash.state".
[INFO] Version of libretro API: 1
[INFO] Compiled against API: 1
[INFO] [Audio]: Set audio input rate to: 30000.00 Hz.
[INFO] [Video]: Video @ fullscreen
[INFO] Vulkan dynamic library loaded.
[INFO] [Vulkan]: Found vulkan context: wgl
[INFO] [Vulkan]: Detecting screen resolution 1360x768.
[INFO] [Vulkan]: Found GPU at index 0: Intel(R) HD Graphics 520
[INFO] [Vulkan]: Using GPU index 0.
[INFO] [Vulkan]: Using GPU: Intel(R) HD Graphics 520
[INFO] [Vulkan]: Queue family 0 supports 1 sub-queues.
[INFO] [Vulkan]: Swapchain supports present mode: 0.
[INFO] [Vulkan]: Swapchain supports present mode: 2.
[INFO] [Vulkan]: Creating swapchain with present mode: 2
[INFO] [Vulkan]: Using swapchain size 1360 x 768.
[INFO] [Vulkan]: Got 3 swapchain images.
[INFO] [Vulkan]: Using resolution 1360x768
[INFO] [Vulkan]: Using RGB565 format.
[INFO] [Vulkan]: Loading stock shader.
[INFO] [slang]: Building pass #0 (N/A)
[INFO] [slang]: Reflection
[INFO] [slang]:   Textures:
[INFO] [slang]:      Source (#0)
[INFO] [slang]:
[INFO] [slang]:   Uniforms (Vertex: yes, Fragment: no):
[INFO] [slang]:   Push Constants (Vertex: no, Fragment: no):
[INFO] [slang]:      MVP (Offset: 0)
[INFO] [slang]:
[INFO] [slang]:   Parameters:
[INFO] [Vulkan filter chain]: Not using frame history.
[INFO] [Vulkan filter chain]: Not using framebuffer feedback.
[INFO] [DINPUT]: Enumerating joypads ...
[INFO] [DINPUT]: Device #0 PID: {09CC} VID:{054C}
[WARN] [DINPUT]: Strong rumble unavailable.
[WARN] [DINPUT]: Weak rumble unavailable.
[INFO] [DINPUT]: Done enumerating joypads ...
[INFO] [Joypad]: Found joypad driver: "dinput".
[INFO] [Autoconf]: 142 profiles found.
[INFO] [Font]: Using font rendering backend: freetype.
[INFO] [Video]: Found display server: win32
[INFO] [XAudio2]: Requesting 64 ms latency, using 64 ms latency.
[INFO] [Autoconf]: selected configuration: C:\Users\Jaeger\AppData\Roaming\RetroArch\autoconfig\xinput\Wireless Controller.cfg
[INFO] [Menu]: Found menu display driver: "vulkan".
[INFO] [Font]: Using font rendering backend: freetype.
[INFO] [Font]: Using font rendering backend: freetype.
[ERROR] Failed to open libretro core: "C:\Users\Jaeger\AppData\Roaming\RetroArch\cores\dolphin_libretro.dll"
[ERROR] Error(s): The specified module could not be found.

[INFO] [Font]: Using font rendering backend: freetype.
[INFO] [Font]: Using font rendering backend: freetype.
[INFO] [LED]: LED driver = 'null' 0000000000B9AF20
[INFO] [MIDI]: Initializing ...
[INFO] [MIDI]: Input disabled.
[INFO] [MIDI]: Output disabled.
[INFO] [MIDI]: Initialized "winmm" driver.
[INFO] SRAM will not be saved.
[INFO] Loading history file: [C:\Users\Jaeger\AppData\Roaming\RetroArch\content_history.lpl].
[INFO] Loading history file: [C:\Users\Jaeger\AppData\Roaming\RetroArch\content_music_history.lpl].
[INFO] Loading history file: [C:\Users\Jaeger\AppData\Roaming\RetroArch\content_video_history.lpl].
[INFO] Loading history file: [C:\Users\Jaeger\AppData\Roaming\RetroArch\content_image_history.lpl].
[INFO] Loading favorites file: [C:\Users\Jaeger\AppData\Roaming\RetroArch\content_favorites.lpl].
[INFO] [Vulkan]: VSync => on
[INFO] [slang]: Building pass #0 (N/A)
[INFO] [slang]: Reflection
[INFO] [slang]:   Textures:
[INFO] [slang]:      Source (#0)
[INFO] [slang]:
[INFO] [slang]:   Uniforms (Vertex: yes, Fragment: no):
[INFO] [slang]:   Push Constants (Vertex: no, Fragment: no):
[INFO] [slang]:      MVP (Offset: 0)
[INFO] [slang]:
[INFO] [slang]:   Parameters:
[INFO] [Vulkan filter chain]: Not using frame history.
[INFO] [Vulkan filter chain]: Not using framebuffer feedback.
[ERROR] Failed to open libretro core: "C:\Users\Jaeger\AppData\Roaming\RetroArch\cores\dolphin_libretro.dll"
[ERROR] Error(s): The specified module could not be found.

[INFO] [Vulkan]: VSync => on
[INFO] [Vulkan]: Do not need to re-create swapchain.
[INFO] [slang]: Building pass #0 (N/A)
[INFO] [slang]: Reflection
[INFO] [slang]:   Textures:
[INFO] [slang]:      Source (#0)
[INFO] [slang]:
[INFO] [slang]:   Uniforms (Vertex: yes, Fragment: no):
[INFO] [slang]:   Push Constants (Vertex: no, Fragment: no):
[INFO] [slang]:      MVP (Offset: 0)
[INFO] [slang]:
[INFO] [slang]:   Parameters:
[INFO] [Vulkan filter chain]: Not using frame history.
[INFO] [Vulkan filter chain]: Not using framebuffer feedback.
